Analysis & Synthesis report for SPISlave
Fri Jan 28 12:57:09 2022
Quartus Prime Version 20.1.0 Build 711 06/05/2020 SJ Lite Edition


---------------------
; Table of Contents ;
---------------------
  1. Legal Notice
  2. Analysis & Synthesis Summary
  3. Analysis & Synthesis Settings
  4. Parallel Compilation
  5. Analysis & Synthesis Source Files Read
  6. Analysis & Synthesis Resource Usage Summary
  7. Analysis & Synthesis Resource Utilization by Entity
  8. General Register Statistics
  9. Post-Synthesis Netlist Statistics for Top Partition
 10. Elapsed Time Per Partition
 11. Analysis & Synthesis Messages
 12. Analysis & Synthesis Suppressed Messages



----------------
; Legal Notice ;
----------------
Copyright (C) 2020  Intel Corporation. All rights reserved.
Your use of Intel Corporation's design tools, logic functions 
and other software and tools, and any partner logic 
functions, and any output files from any of the foregoing 
(including device programming or simulation files), and any 
associated documentation or information are expressly subject 
to the terms and conditions of the Intel Program License 
Subscription Agreement, the Intel Quartus Prime License Agreement,
the Intel FPGA IP License Agreement, or other applicable license
agreement, including, without limitation, that your use is for
the sole purpose of programming logic devices manufactured by
Intel and sold by Intel or its authorized distributors.  Please
refer to the applicable agreement for further details, at
https://fpgasoftware.intel.com/eula.



+-------------------------------------------------------------------------------+
; Analysis & Synthesis Summary                                                  ;
+---------------------------------+---------------------------------------------+
; Analysis & Synthesis Status     ; Successful - Fri Jan 28 12:57:09 2022       ;
; Quartus Prime Version           ; 20.1.0 Build 711 06/05/2020 SJ Lite Edition ;
; Revision Name                   ; SPISlave                                    ;
; Top-level Entity Name           ; SPISlave                                    ;
; Family                          ; Cyclone V                                   ;
; Logic utilization (in ALMs)     ; N/A                                         ;
; Total registers                 ; 36                                          ;
; Total pins                      ; 31                                          ;
; Total virtual pins              ; 0                                           ;
; Total block memory bits         ; 0                                           ;
; Total DSP Blocks                ; 0                                           ;
; Total HSSI RX PCSs              ; 0                                           ;
; Total HSSI PMA RX Deserializers ; 0                                           ;
; Total HSSI TX PCSs              ; 0                                           ;
; Total HSSI PMA TX Serializers   ; 0                                           ;
; Total PLLs                      ; 0                                           ;
; Total DLLs                      ; 0                                           ;
+---------------------------------+---------------------------------------------+


+---------------------------------------------------------------------------------------------------------------------------+
; Analysis & Synthesis Settings                                                                                             ;
+---------------------------------------------------------------------------------+--------------------+--------------------+
; Option                                                                          ; Setting            ; Default Value      ;
+---------------------------------------------------------------------------------+--------------------+--------------------+
; Device                                                                          ; 5CGXFC7C7F23C8     ;                    ;
; Top-level entity name                                                           ; SPISlave           ; SPISlave           ;
; Family name                                                                     ; Cyclone V          ; Cyclone V          ;
; Use smart compilation                                                           ; Off                ; Off                ;
; Enable parallel Assembler and Timing Analyzer during compilation                ; On                 ; On                 ;
; Enable compact report table                                                     ; Off                ; Off                ;
; Restructure Multiplexers                                                        ; Auto               ; Auto               ;
; MLAB Add Timing Constraints For Mixed-Port Feed-Through Mode Setting Don't Care ; Off                ; Off                ;
; Create Debugging Nodes for IP Cores                                             ; Off                ; Off                ;
; Preserve fewer node names                                                       ; On                 ; On                 ;
; Intel FPGA IP Evaluation Mode                                                   ; Enable             ; Enable             ;
; Verilog Version                                                                 ; Verilog_2001       ; Verilog_2001       ;
; VHDL Version                                                                    ; VHDL_1993          ; VHDL_1993          ;
; State Machine Processing                                                        ; Auto               ; Auto               ;
; Safe State Machine                                                              ; Off                ; Off                ;
; Extract Verilog State Machines                                                  ; On                 ; On                 ;
; Extract VHDL State Machines                                                     ; On                 ; On                 ;
; Ignore Verilog initial constructs                                               ; Off                ; Off                ;
; Iteration limit for constant Verilog loops                                      ; 5000               ; 5000               ;
; Iteration limit for non-constant Verilog loops                                  ; 250                ; 250                ;
; Add Pass-Through Logic to Inferred RAMs                                         ; On                 ; On                 ;
; Infer RAMs from Raw Logic                                                       ; On                 ; On                 ;
; Parallel Synthesis                                                              ; On                 ; On                 ;
; DSP Block Balancing                                                             ; Auto               ; Auto               ;
; NOT Gate Push-Back                                                              ; On                 ; On                 ;
; Power-Up Don't Care                                                             ; On                 ; On                 ;
; Remove Redundant Logic Cells                                                    ; Off                ; Off                ;
; Remove Duplicate Registers                                                      ; On                 ; On                 ;
; Ignore CARRY Buffers                                                            ; Off                ; Off                ;
; Ignore CASCADE Buffers                                                          ; Off                ; Off                ;
; Ignore GLOBAL Buffers                                                           ; Off                ; Off                ;
; Ignore ROW GLOBAL Buffers                                                       ; Off                ; Off                ;
; Ignore LCELL Buffers                                                            ; Off                ; Off                ;
; Ignore SOFT Buffers                                                             ; On                 ; On                 ;
; Limit AHDL Integers to 32 Bits                                                  ; Off                ; Off                ;
; Optimization Technique                                                          ; Balanced           ; Balanced           ;
; Carry Chain Length                                                              ; 70                 ; 70                 ;
; Auto Carry Chains                                                               ; On                 ; On                 ;
; Auto Open-Drain Pins                                                            ; On                 ; On                 ;
; Perform WYSIWYG Primitive Resynthesis                                           ; Off                ; Off                ;
; Auto ROM Replacement                                                            ; On                 ; On                 ;
; Auto RAM Replacement                                                            ; On                 ; On                 ;
; Auto DSP Block Replacement                                                      ; On                 ; On                 ;
; Auto Shift Register Replacement                                                 ; Auto               ; Auto               ;
; Allow Shift Register Merging across Hierarchies                                 ; Auto               ; Auto               ;
; Auto Clock Enable Replacement                                                   ; On                 ; On                 ;
; Strict RAM Replacement                                                          ; Off                ; Off                ;
; Allow Synchronous Control Signals                                               ; On                 ; On                 ;
; Force Use of Synchronous Clear Signals                                          ; Off                ; Off                ;
; Auto Resource Sharing                                                           ; Off                ; Off                ;
; Allow Any RAM Size For Recognition                                              ; Off                ; Off                ;
; Allow Any ROM Size For Recognition                                              ; Off                ; Off                ;
; Allow Any Shift Register Size For Recognition                                   ; Off                ; Off                ;
; Use LogicLock Constraints during Resource Balancing                             ; On                 ; On                 ;
; Ignore translate_off and synthesis_off directives                               ; Off                ; Off                ;
; Timing-Driven Synthesis                                                         ; On                 ; On                 ;
; Report Parameter Settings                                                       ; On                 ; On                 ;
; Report Source Assignments                                                       ; On                 ; On                 ;
; Report Connectivity Checks                                                      ; On                 ; On                 ;
; Ignore Maximum Fan-Out Assignments                                              ; Off                ; Off                ;
; Synchronization Register Chain Length                                           ; 3                  ; 3                  ;
; Power Optimization During Synthesis                                             ; Normal compilation ; Normal compilation ;
; HDL message level                                                               ; Level2             ; Level2             ;
; Suppress Register Optimization Related Messages                                 ; Off                ; Off                ;
; Number of Removed Registers Reported in Synthesis Report                        ; 5000               ; 5000               ;
; Number of Swept Nodes Reported in Synthesis Report                              ; 5000               ; 5000               ;
; Number of Inverted Registers Reported in Synthesis Report                       ; 100                ; 100                ;
; Clock MUX Protection                                                            ; On                 ; On                 ;
; Auto Gated Clock Conversion                                                     ; Off                ; Off                ;
; Block Design Naming                                                             ; Auto               ; Auto               ;
; SDC constraint protection                                                       ; Off                ; Off                ;
; Synthesis Effort                                                                ; Auto               ; Auto               ;
; Shift Register Replacement - Allow Asynchronous Clear Signal                    ; On                 ; On                 ;
; Pre-Mapping Resynthesis Optimization                                            ; Off                ; Off                ;
; Analysis & Synthesis Message Level                                              ; Medium             ; Medium             ;
; Disable Register Merging Across Hierarchies                                     ; Auto               ; Auto               ;
; Resource Aware Inference For Block RAM                                          ; On                 ; On                 ;
; Automatic Parallel Synthesis                                                    ; On                 ; On                 ;
; Partial Reconfiguration Bitstream ID                                            ; Off                ; Off                ;
+---------------------------------------------------------------------------------+--------------------+--------------------+


+------------------------------------------+
; Parallel Compilation                     ;
+----------------------------+-------------+
; Processors                 ; Number      ;
+----------------------------+-------------+
; Number detected on machine ; 8           ;
; Maximum allowed            ; 4           ;
;                            ;             ;
; Average used               ; 1.00        ;
; Maximum used               ; 4           ;
;                            ;             ;
; Usage by Processor         ; % Time Used ;
;     Processor 1            ; 100.0%      ;
;     Processors 2-4         ;   0.0%      ;
+----------------------------+-------------+


+----------------------------------------------------------------------------------------------------------------------------------------------------------+
; Analysis & Synthesis Source Files Read                                                                                                                   ;
+----------------------------------+-----------------+------------------------+------------------------------------------------------------------+---------+
; File Name with User-Entered Path ; Used in Netlist ; File Type              ; File Name with Absolute Path                                     ; Library ;
+----------------------------------+-----------------+------------------------+------------------------------------------------------------------+---------+
; SPISlave.v                       ; yes             ; User Verilog HDL File  ; C:/Users/Tao/Desktop/Projects/2022_Jan_start/SPISlave/SPISlave.v ;         ;
+----------------------------------+-----------------+------------------------+------------------------------------------------------------------+---------+


+-----------------------------------------------------------+
; Analysis & Synthesis Resource Usage Summary               ;
+---------------------------------------------+-------------+
; Resource                                    ; Usage       ;
+---------------------------------------------+-------------+
; Estimate of Logic utilization (ALMs needed) ; 36          ;
;                                             ;             ;
; Combinational ALUT usage for logic          ; 64          ;
;     -- 7 input functions                    ; 2           ;
;     -- 6 input functions                    ; 0           ;
;     -- 5 input functions                    ; 23          ;
;     -- 4 input functions                    ; 14          ;
;     -- <=3 input functions                  ; 25          ;
;                                             ;             ;
; Dedicated logic registers                   ; 36          ;
;                                             ;             ;
; I/O pins                                    ; 31          ;
;                                             ;             ;
; Total DSP Blocks                            ; 0           ;
;                                             ;             ;
; Maximum fan-out node                        ; rst_i~input ;
; Maximum fan-out                             ; 48          ;
; Total fan-out                               ; 421         ;
; Average fan-out                             ; 2.60        ;
+---------------------------------------------+-------------+


+----------------------------------------------------------------------------------------------------------------------------------------------------------------------------------------+
; Analysis & Synthesis Resource Utilization by Entity                                                                                                                                    ;
+----------------------------+---------------------+---------------------------+-------------------+------------+------+--------------+---------------------+-------------+--------------+
; Compilation Hierarchy Node ; Combinational ALUTs ; Dedicated Logic Registers ; Block Memory Bits ; DSP Blocks ; Pins ; Virtual Pins ; Full Hierarchy Name ; Entity Name ; Library Name ;
+----------------------------+---------------------+---------------------------+-------------------+------------+------+--------------+---------------------+-------------+--------------+
; |SPISlave                  ; 64 (64)             ; 36 (36)                   ; 0                 ; 0          ; 31   ; 0            ; |SPISlave           ; SPISlave    ; work         ;
+----------------------------+---------------------+---------------------------+-------------------+------------+------+--------------+---------------------+-------------+--------------+
Note: For table entries with two numbers listed, the numbers in parentheses indicate the number of resources of the given type used by the specific entity alone. The numbers listed outside of parentheses indicate the total resources of the given type used by the specific entity and all of its sub-entities in the hierarchy.


+------------------------------------------------------+
; General Register Statistics                          ;
+----------------------------------------------+-------+
; Statistic                                    ; Value ;
+----------------------------------------------+-------+
; Total registers                              ; 36    ;
; Number of registers using Synchronous Clear  ; 0     ;
; Number of registers using Synchronous Load   ; 0     ;
; Number of registers using Asynchronous Clear ; 33    ;
; Number of registers using Asynchronous Load  ; 0     ;
; Number of registers using Clock Enable       ; 31    ;
; Number of registers using Preset             ; 0     ;
+----------------------------------------------+-------+


+-----------------------------------------------------+
; Post-Synthesis Netlist Statistics for Top Partition ;
+-----------------------+-----------------------------+
; Type                  ; Count                       ;
+-----------------------+-----------------------------+
; arriav_ff             ; 36                          ;
;     CLR               ; 2                           ;
;     ENA CLR           ; 31                          ;
;     plain             ; 3                           ;
; arriav_io_obuf        ; 1                           ;
; arriav_lcell_comb     ; 64                          ;
;     extend            ; 2                           ;
;         7 data inputs ; 2                           ;
;     normal            ; 62                          ;
;         1 data inputs ; 2                           ;
;         2 data inputs ; 16                          ;
;         3 data inputs ; 7                           ;
;         4 data inputs ; 14                          ;
;         5 data inputs ; 23                          ;
; boundary_port         ; 31                          ;
;                       ;                             ;
; Max LUT depth         ; 4.00                        ;
; Average LUT depth     ; 1.71                        ;
+-----------------------+-----------------------------+


+-------------------------------+
; Elapsed Time Per Partition    ;
+----------------+--------------+
; Partition Name ; Elapsed Time ;
+----------------+--------------+
; Top            ; 00:00:00     ;
+----------------+--------------+


+-------------------------------+
; Analysis & Synthesis Messages ;
+-------------------------------+
Info: *******************************************************************
Info: Running Quartus Prime Analysis & Synthesis
    Info: Version 20.1.0 Build 711 06/05/2020 SJ Lite Edition
    Info: Processing started: Fri Jan 28 12:56:56 2022
Info: Command: quartus_map --read_settings_files=on --write_settings_files=off SPISlave -c SPISlave
Warning (18236): Number of processors has not been specified which may cause overloading on shared machines.  Set the global assignment NUM_PARALLEL_PROCESSORS in your QSF to an appropriate value for best performance.
Info (20030): Parallel compilation is enabled and will use 4 of the 4 processors detected
Info (12021): Found 1 design units, including 1 entities, in source file spislave.v
    Info (12023): Found entity 1: SPISlave File: C:/Users/Tao/Desktop/Projects/2022_Jan_start/SPISlave/SPISlave.v Line: 1
Info (12127): Elaborating entity "SPISlave" for the top level hierarchy
Warning (10036): Verilog HDL or VHDL warning at SPISlave.v(22): object "MOSI_EN_r" assigned a value but never read File: C:/Users/Tao/Desktop/Projects/2022_Jan_start/SPISlave/SPISlave.v Line: 22
Warning (10230): Verilog HDL assignment warning at SPISlave.v(92): truncated value with size 32 to match size of target (3) File: C:/Users/Tao/Desktop/Projects/2022_Jan_start/SPISlave/SPISlave.v Line: 92
Warning (10230): Verilog HDL assignment warning at SPISlave.v(164): truncated value with size 32 to match size of target (3) File: C:/Users/Tao/Desktop/Projects/2022_Jan_start/SPISlave/SPISlave.v Line: 164
Warning (10230): Verilog HDL assignment warning at SPISlave.v(183): truncated value with size 32 to match size of target (3) File: C:/Users/Tao/Desktop/Projects/2022_Jan_start/SPISlave/SPISlave.v Line: 183
Warning (19016): Clock multiplexers are found and protected
    Warning (19017): Found clock multiplexer Clk_p_w File: C:/Users/Tao/Desktop/Projects/2022_Jan_start/SPISlave/SPISlave.v Line: 31
    Warning (19017): Found clock multiplexer Clk_p_w~0 File: C:/Users/Tao/Desktop/Projects/2022_Jan_start/SPISlave/SPISlave.v Line: 31
    Warning (19017): Found clock multiplexer Clk_p_w~1 File: C:/Users/Tao/Desktop/Projects/2022_Jan_start/SPISlave/SPISlave.v Line: 31
Warning (13046): Tri-state node(s) do not directly drive top-level pin(s)
    Warning (13049): Converted tri-state buffer "MOSI_i_w" feeding internal logic into a wire File: C:/Users/Tao/Desktop/Projects/2022_Jan_start/SPISlave/SPISlave.v Line: 32
Warning (13004): Presettable and clearable registers converted to equivalent circuits with latches. Registers power-up to an undefined state, and DEVCLRn places the registers in an undefined state.
    Warning (13310): Register "MISO_EN_r" is converted into an equivalent circuit using register "MISO_EN_r~_emulated" and latch "MISO_EN_r~1" File: C:/Users/Tao/Desktop/Projects/2022_Jan_start/SPISlave/SPISlave.v Line: 171
    Warning (13310): Register "MISO_ro~reg0" is converted into an equivalent circuit using register "MISO_ro~reg0_emulated" and latch "MISO_ro~1" File: C:/Users/Tao/Desktop/Projects/2022_Jan_start/SPISlave/SPISlave.v Line: 18
    Warning (13310): Register "MISO_cnt_after_r[0]" is converted into an equivalent circuit using register "MISO_cnt_after_r[0]~_emulated" and latch "MISO_cnt_after_r[0]~1" File: C:/Users/Tao/Desktop/Projects/2022_Jan_start/SPISlave/SPISlave.v Line: 171
    Warning (13310): Register "MISO_cnt_after_r[1]" is converted into an equivalent circuit using register "MISO_cnt_after_r[1]~_emulated" and latch "MISO_cnt_after_r[1]~5" File: C:/Users/Tao/Desktop/Projects/2022_Jan_start/SPISlave/SPISlave.v Line: 171
    Warning (13310): Register "MISO_cnt_after_r[2]" is converted into an equivalent circuit using register "MISO_cnt_after_r[2]~_emulated" and latch "MISO_cnt_after_r[2]~9" File: C:/Users/Tao/Desktop/Projects/2022_Jan_start/SPISlave/SPISlave.v Line: 171
    Warning (13310): Register "MISO_DT_r[5]" is converted into an equivalent circuit using register "MISO_DT_r[5]~_emulated" and latch "MISO_DT_r[5]~1" File: C:/Users/Tao/Desktop/Projects/2022_Jan_start/SPISlave/SPISlave.v Line: 171
    Warning (13310): Register "MISO_DT_r[7]" is converted into an equivalent circuit using register "MISO_DT_r[7]~_emulated" and latch "MISO_DT_r[7]~5" File: C:/Users/Tao/Desktop/Projects/2022_Jan_start/SPISlave/SPISlave.v Line: 171
    Warning (13310): Register "MISO_DT_r[4]" is converted into an equivalent circuit using register "MISO_DT_r[4]~_emulated" and latch "MISO_DT_r[4]~9" File: C:/Users/Tao/Desktop/Projects/2022_Jan_start/SPISlave/SPISlave.v Line: 171
    Warning (13310): Register "MISO_DT_r[6]" is converted into an equivalent circuit using register "MISO_DT_r[6]~_emulated" and latch "MISO_DT_r[6]~13" File: C:/Users/Tao/Desktop/Projects/2022_Jan_start/SPISlave/SPISlave.v Line: 171
    Warning (13310): Register "MISO_DT_r[1]" is converted into an equivalent circuit using register "MISO_DT_r[1]~_emulated" and latch "MISO_DT_r[1]~17" File: C:/Users/Tao/Desktop/Projects/2022_Jan_start/SPISlave/SPISlave.v Line: 171
    Warning (13310): Register "MISO_DT_r[3]" is converted into an equivalent circuit using register "MISO_DT_r[3]~_emulated" and latch "MISO_DT_r[3]~21" File: C:/Users/Tao/Desktop/Projects/2022_Jan_start/SPISlave/SPISlave.v Line: 171
    Warning (13310): Register "MISO_DT_r[0]" is converted into an equivalent circuit using register "MISO_DT_r[0]~_emulated" and latch "MISO_DT_r[0]~25" File: C:/Users/Tao/Desktop/Projects/2022_Jan_start/SPISlave/SPISlave.v Line: 171
    Warning (13310): Register "MISO_DT_r[2]" is converted into an equivalent circuit using register "MISO_DT_r[2]~_emulated" and latch "MISO_DT_r[2]~29" File: C:/Users/Tao/Desktop/Projects/2022_Jan_start/SPISlave/SPISlave.v Line: 171
Info (286030): Timing-Driven Synthesis is running
Info (144001): Generated suppressed messages file C:/Users/Tao/Desktop/Projects/2022_Jan_start/SPISlave/output_files/SPISlave.map.smsg
Info (16010): Generating hard_block partition "hard_block:auto_generated_inst"
    Info (16011): Adding 0 node(s), including 0 DDIO, 0 PLL, 0 transceiver and 0 LCELL
Info (21057): Implemented 111 device resources after synthesis - the final resource count might be different
    Info (21058): Implemented 16 input pins
    Info (21059): Implemented 15 output pins
    Info (21061): Implemented 80 logic cells
Info: Quartus Prime Analysis & Synthesis was successful. 0 errors, 25 warnings
    Info: Peak virtual memory: 4812 megabytes
    Info: Processing ended: Fri Jan 28 12:57:09 2022
    Info: Elapsed time: 00:00:13
    Info: Total CPU time (on all processors): 00:00:33


+------------------------------------------+
; Analysis & Synthesis Suppressed Messages ;
+------------------------------------------+
The suppressed messages can be found in C:/Users/Tao/Desktop/Projects/2022_Jan_start/SPISlave/output_files/SPISlave.map.smsg.


